<?xml version="1.0" encoding="UTF-8"?>
<testsuite name="runners.RedesSocialesRunners" tests="0" skipped="0" failures="0" errors="0" timestamp="1970-01-01T00:00:00" hostname="22LAP5CD1346NNV" time="0.0">
  <properties/>
  <system-out><![CDATA[11:02:12.865 [Test worker] DEBUG net.thucydides.core.util.PropertiesFileLocalPreferences - LOADING LOCAL PROPERTIES FROM C:\Repositories\dojo\demo\serenity.properties 
11:02:12.961 [Test worker] DEBUG net.thucydides.core.util.PropertiesFileLocalPreferences - LOADING LOCAL PROPERTIES FROM C:\Repositories\dojo\demo\serenity.properties 
11:02:12.962 [Test worker] DEBUG net.thucydides.core.util.PropertiesFileLocalPreferences - LOADING LOCAL PROPERTIES FROM C:\Repositories\dojo\demo\serenity.properties 
11:02:12.973 [Test worker] DEBUG net.thucydides.core.util.PropertiesFileLocalPreferences - webdriver.driver=chrome
11:02:12.973 [Test worker] DEBUG net.thucydides.core.util.PropertiesFileLocalPreferences - chrome.capabilities.incognito=true
11:02:12.973 [Test worker] DEBUG net.thucydides.core.util.PropertiesFileLocalPreferences - webdriver.chrome.driver=src/test/resources/drivers/chromedriver.exe
11:02:12.973 [Test worker] DEBUG net.thucydides.core.util.PropertiesFileLocalPreferences - serenity.console.color=true
11:02:12.973 [Test worker] DEBUG net.thucydides.core.util.PropertiesFileLocalPreferences - chrome.capabilities.acceptSslCerts=true
11:02:12.973 [Test worker] DEBUG net.thucydides.core.util.PropertiesFileLocalPreferences - webdriver.base.url=https://advantageonlineshopping.com/#
11:02:12.974 [Test worker] DEBUG net.thucydides.core.util.PropertiesFileLocalPreferences - serenity.project.name=Dojo Serenity / Cucumber
11:02:12.974 [Test worker] DEBUG net.thucydides.core.util.PropertiesFileLocalPreferences - webdriver.wait.for.timeout=8000
11:02:12.974 [Test worker] DEBUG net.thucydides.core.util.PropertiesFileLocalPreferences - serenity.use.unique.browser=true
11:02:12.974 [Test worker] DEBUG net.thucydides.core.util.PropertiesFileLocalPreferences - webdriver.timeouts.implicitlywait=10000
11:02:12.974 [Test worker] DEBUG net.thucydides.core.util.PropertiesFileLocalPreferences - serenity.browser.maximized=true
11:02:13.230 [Test worker] DEBUG net.thucydides.core.util.PropertiesFileLocalPreferences - LOADING LOCAL PROPERTIES FROM C:\Repositories\dojo\demo\serenity.properties 
11:02:13.277 [Test worker] DEBUG net.thucydides.core.util.PropertiesFileLocalPreferences - LOADING LOCAL PROPERTIES FROM C:\Repositories\dojo\demo\serenity.properties 
11:02:13.278 [Test worker] DEBUG net.thucydides.core.util.PropertiesFileLocalPreferences - LOADING LOCAL PROPERTIES FROM C:\Repositories\dojo\demo\serenity.properties 
11:02:13.278 [Test worker] DEBUG net.thucydides.core.util.PropertiesFileLocalPreferences - webdriver.driver=chrome
11:02:13.279 [Test worker] DEBUG net.thucydides.core.util.PropertiesFileLocalPreferences - chrome.capabilities.incognito=true
11:02:13.279 [Test worker] DEBUG net.thucydides.core.util.PropertiesFileLocalPreferences - webdriver.chrome.driver=src/test/resources/drivers/chromedriver.exe
11:02:13.279 [Test worker] DEBUG net.thucydides.core.util.PropertiesFileLocalPreferences - serenity.console.color=true
11:02:13.279 [Test worker] DEBUG net.thucydides.core.util.PropertiesFileLocalPreferences - chrome.capabilities.acceptSslCerts=true
11:02:13.279 [Test worker] DEBUG net.thucydides.core.util.PropertiesFileLocalPreferences - webdriver.base.url=https://advantageonlineshopping.com/#
11:02:13.279 [Test worker] DEBUG net.thucydides.core.util.PropertiesFileLocalPreferences - serenity.project.name=Dojo Serenity / Cucumber
11:02:13.279 [Test worker] DEBUG net.thucydides.core.util.PropertiesFileLocalPreferences - webdriver.wait.for.timeout=8000
11:02:13.279 [Test worker] DEBUG net.thucydides.core.util.PropertiesFileLocalPreferences - serenity.use.unique.browser=true
11:02:13.279 [Test worker] DEBUG net.thucydides.core.util.PropertiesFileLocalPreferences - webdriver.timeouts.implicitlywait=10000
11:02:13.279 [Test worker] DEBUG net.thucydides.core.util.PropertiesFileLocalPreferences - serenity.browser.maximized=true
11:02:13.285 [Test worker] INFO net.thucydides.core.steps.ConsoleLoggingListener - 

-------------------------------------------------------------------------------------
     _______. _______ .______       _______ .__   __.  __  .___________.____    ____ 
    /       ||   ____||   _  \     |   ____||  \ |  | |  | |           |\   \  /   / 
   |   (----`|  |__   |  |_)  |    |  |__   |   \|  | |  | `---|  |----` \   \/   /  
    \   \    |   __|  |      /     |   __|  |  . `  | |  |     |  |       \_    _/   
.----)   |   |  |____ |  |\  \----.|  |____ |  |\   | |  |     |  |         |  |     
|_______/    |_______|| _| `._____||_______||__| \__| |__|     |__|         |__|    
                                                                                     
 News and tutorials at http://www.serenity-bdd.info                                  
 Documentation at https://wakaleo.gitbooks.io/the-serenity-book/content/             
 Join the Serenity Community on Rocket Chat at https://serenity-bdd.rocket.chat      
 Serenity BDD Support and Training at http://serenity-bdd.info/#/trainingandsupport  
 Learn Serenity BDD online at http://serenity-dojo.com                               
-------------------------------------------------------------------------------------

11:02:13.292 [Test worker] DEBUG net.thucydides.core.steps.StepEventBus - Test suite started for story net.thucydides.core.model.Story@681eefd
11:02:13.294 [Test worker] INFO net.thucydides.core.steps.ConsoleLoggingListener - Test Suite Started: Yo como mercaderista de DEMO
11:02:13.346 [Test worker] INFO net.thucydides.core.steps.ConsoleLoggingListener - 
 _____ _____ ____ _____   ____ _____  _    ____ _____ _____ ____  
|_   _| ____/ ___|_   _| / ___|_   _|/ \  |  _ \_   _| ____|  _ \ 
  | | |  _| \___ \ | |   \___ \ | | / _ \ | |_) || | |  _| | | | |
  | | | |___ ___) || |    ___) || |/ ___ \|  _ < | | | |___| |_| |
  |_| |_____|____/ |_|   |____/ |_/_/   \_\_| \_\|_| |_____|____/ 
                                                                  

TEST STARTED: El usuario tiene la posisbilidad de seguir la empresa en sus redes sociales
-------------------------------------------------------------------(yo-como-mercaderista-de-demo;el-usuario-tiene-la-posisbilidad-de-seguir-la-empresa-en-sus-redes-sociales)
11:02:13.430 [Test worker] DEBUG net.thucydides.core.requirements.model.cucumber.CucumberParser - Found no Cucumber 4.2.6 class cucumber.runtime.model.FeatureLoader try Cucumber 4.2.0 
11:02:13.430 [Test worker] DEBUG net.thucydides.core.requirements.model.cucumber.CucumberParser - Found no Cucumber 4.2.0 class cucumber.runtime.model.FeatureLoader try Cucumber 2.x.x 
11:02:13.445 [Test worker] DEBUG net.thucydides.core.requirements.model.cucumber.CucumberParser - Found no Cucumber 4.2.6 class cucumber.runtime.model.FeatureLoader try Cucumber 4.2.0 
11:02:13.445 [Test worker] DEBUG net.thucydides.core.requirements.model.cucumber.CucumberParser - Found no Cucumber 4.2.0 class cucumber.runtime.model.FeatureLoader try Cucumber 2.x.x 
11:02:13.455 [Test worker] DEBUG net.thucydides.core.requirements.model.cucumber.CucumberParser - Found no Cucumber 4.2.6 class cucumber.runtime.model.FeatureLoader try Cucumber 4.2.0 
11:02:13.456 [Test worker] DEBUG net.thucydides.core.requirements.model.cucumber.CucumberParser - Found no Cucumber 4.2.0 class cucumber.runtime.model.FeatureLoader try Cucumber 2.x.x 
11:02:13.590 [Test worker] DEBUG net.thucydides.core.reports.ReportService - Reporting formats: [JSON, HTML]
11:02:13.647 [Test worker] DEBUG net.thucydides.core.reports.ReportService - Reporting formats: [JSON, HTML]
11:02:13.656 [Test worker] DEBUG net.thucydides.core.reports.ReportService - Generating reports for 1 test outcomes using: net.thucydides.core.reports.json.JSONTestOutcomeReporter@5c833e9
11:02:13.657 [pool-1-thread-1] DEBUG net.thucydides.core.reports.ReportService - Processing test outcome Yo como mercaderista de DEMO:El usuario tiene la posisbilidad de seguir la empresa en sus redes sociales
11:02:13.658 [pool-1-thread-1] DEBUG net.thucydides.core.reports.ReportService - net.thucydides.core.reports.json.JSONTestOutcomeReporter@5c833e9: Generating report for test outcome: Yo como mercaderista de DEMO:El usuario tiene la posisbilidad de seguir la empresa en sus redes sociales
11:02:13.670 [pool-1-thread-1] DEBUG net.thucydides.core.reports.json.JSONTestOutcomeReporter - Generating JSON report for El usuario tiene la posisbilidad de seguir la empresa en sus redes sociales to file C:\Repositories\dojo\demo\target\site\serenity\5901883c7766db5ea19c5e478868453f706ac633c8714cb7d70dea02c04f3b1b.json (using temp file C:\Repositories\dojo\demo\target\site\serenity\5901883c7766db5ea19c5e478868453f706ac633c8714cb7d70dea02c04f3b1b.json6df98f63-9961-4801-9802-5a5c3654c3b2)
11:02:13.720 [pool-1-thread-1] DEBUG net.thucydides.core.reports.ReportService - Processing test outcome Yo como mercaderista de DEMO:El usuario tiene la posisbilidad de seguir la empresa en sus redes sociales done
11:02:13.720 [Test worker] DEBUG net.thucydides.core.reports.ReportService - Shutting down executor service
11:02:13.720 [Test worker] DEBUG net.thucydides.core.reports.ReportService - Reports generated in: 64 ms
11:02:13.720 [Test worker] DEBUG net.thucydides.core.reports.ReportService - Generating reports for 1 test outcomes using: net.thucydides.core.reports.html.HtmlAcceptanceTestReporter@5f87c182
11:02:13.720 [pool-2-thread-1] DEBUG net.thucydides.core.reports.ReportService - Processing test outcome Yo como mercaderista de DEMO:El usuario tiene la posisbilidad de seguir la empresa en sus redes sociales
11:02:13.721 [pool-2-thread-1] DEBUG net.thucydides.core.reports.ReportService - net.thucydides.core.reports.html.HtmlAcceptanceTestReporter@5f87c182: Generating report for test outcome: Yo como mercaderista de DEMO:El usuario tiene la posisbilidad de seguir la empresa en sus redes sociales
11:02:13.721 [pool-2-thread-1] DEBUG net.thucydides.core.reports.html.HtmlAcceptanceTestReporter - GENERATE TEST OUTCOME REPORT FOR El usuario tiene la posisbilidad de seguir la empresa en sus redes sociales in 5901883c7766db5ea19c5e478868453f706ac633c8714cb7d70dea02c04f3b1b
11:02:13.752 [pool-2-thread-1] DEBUG net.thucydides.core.requirements.model.cucumber.CucumberParser - Found no Cucumber 4.2.6 class cucumber.runtime.model.FeatureLoader try Cucumber 4.2.0 
11:02:13.752 [pool-2-thread-1] DEBUG net.thucydides.core.requirements.model.cucumber.CucumberParser - Found no Cucumber 4.2.0 class cucumber.runtime.model.FeatureLoader try Cucumber 2.x.x 
11:02:13.762 [pool-2-thread-1] DEBUG net.thucydides.core.requirements.model.cucumber.CucumberParser - Found no Cucumber 4.2.6 class cucumber.runtime.model.FeatureLoader try Cucumber 4.2.0 
11:02:13.762 [pool-2-thread-1] DEBUG net.thucydides.core.requirements.model.cucumber.CucumberParser - Found no Cucumber 4.2.0 class cucumber.runtime.model.FeatureLoader try Cucumber 2.x.x 
11:02:13.773 [pool-2-thread-1] DEBUG net.thucydides.core.requirements.model.cucumber.CucumberParser - Found no Cucumber 4.2.6 class cucumber.runtime.model.FeatureLoader try Cucumber 4.2.0 
11:02:13.773 [pool-2-thread-1] DEBUG net.thucydides.core.requirements.model.cucumber.CucumberParser - Found no Cucumber 4.2.0 class cucumber.runtime.model.FeatureLoader try Cucumber 2.x.x 
11:02:13.776 [pool-2-thread-1] DEBUG net.thucydides.core.requirements.RequirementsTagProvider -  found:[Requirement{name='Criterios marketing', type='capability' parent = 'null', cardNumber='null'}, Requirement{name='Pago linea', type='capability' parent = 'null', cardNumber='null'}, Requirement{name='Redes sociales', type='capability' parent = 'null', cardNumber='null'}]
11:02:13.785 [pool-2-thread-1] DEBUG net.thucydides.core.requirements.BaseRequirementsService - Requirement found for test outcome El usuario tiene la posisbilidad de seguir la empresa en sus redes sociales-[]: Optional[Requirement{name='Yo como mercaderista de DEMO', type='feature' parent = 'Redes sociales', cardNumber='null'}]
11:02:13.788 [pool-2-thread-1] DEBUG net.thucydides.core.requirements.BaseRequirementsService - Requirement found for test outcome El usuario tiene la posisbilidad de seguir la empresa en sus redes sociales-[]: Optional[Requirement{name='Yo como mercaderista de DEMO', type='feature' parent = 'Redes sociales', cardNumber='null'}]
11:02:13.875 [pool-2-thread-1] DEBUG net.thucydides.core.reports.html.HtmlAcceptanceTestReporter - GENERATING HTML REPORT FOR Yo como mercaderista de DEMO:El usuario tiene la posisbilidad de seguir la empresa en sus redes sociales in 5901883c7766db5ea19c5e478868453f706ac633c8714cb7d70dea02c04f3b1b.html in directory C:\Repositories\dojo\demo\target\site\serenity  
11:02:13.881 [pool-2-thread-1] DEBUG net.thucydides.core.reports.html.HtmlAcceptanceTestReporter - Generating report in 5901883c7766db5ea19c5e478868453f706ac633c8714cb7d70dea02c04f3b1b.html
11:02:14.215 [pool-2-thread-1] DEBUG net.thucydides.core.reports.html.HtmlAcceptanceTestReporter - Generated report 5901883c7766db5ea19c5e478868453f706ac633c8714cb7d70dea02c04f3b1b.html in 334 ms
11:02:14.215 [pool-2-thread-1] DEBUG net.thucydides.core.reports.ReportService - Processing test outcome Yo como mercaderista de DEMO:El usuario tiene la posisbilidad de seguir la empresa en sus redes sociales done
11:02:14.215 [Test worker] DEBUG net.thucydides.core.reports.ReportService - Shutting down executor service
11:02:14.215 [Test worker] DEBUG net.thucydides.core.reports.ReportService - Reports generated in: 495 ms

1 Scenarios (?[33m1 undefined?[0m)
3 Steps (?[36m1 skipped?[0m, ?[33m2 undefined?[0m)
0m0,455s


You can implement missing steps with the snippets below:


@Given("^que el usuario se encuentre alguna parte de la pagina$")
public void queElUsuarioSeEncuentreAlgunaParteDeLaPagina() {
    // Write code here that turns the phrase above into concrete actions
    throw new PendingException();
}

@When("^el usuario observara la cantidad de redes sociales con las que cuenta la pagina$")
public void elUsuarioObservaraLaCantidadDeRedesSocialesConLasQueCuentaLaPagina() {
    // Write code here that turns the phrase above into concrete actions
    throw new PendingException();
}

]]></system-out>
  <system-err><![CDATA[]]></system-err>
</testsuite>
